# JRE version: OpenJDK Runtime Environment Temurin-21.0.4+7 (21.0.4+7) (build 21.0.4+7-LTS)
# Java VM: OpenJDK 64-Bit Server VM Temurin-21.0.4+7 (21.0.4+7-LTS, mixed mode, tiered, compressed oops, compressed class ptrs, g1 gc, bsd-aarch64)
GC Precious Log:
 CardTable entry size: 512
 Card Set container configuration: InlinePtr #cards 4 size 8 Array Of Cards #cards 32 size 80 Howl #buckets 8 coarsen threshold 7372 Howl Bitmap #cards 1024 size 144 coarsen threshold 921 Card regions per heap region 1 cards per card region 8192
 CPUs: 11 total, 11 available
 Memory: 18432M
 Large Page Support: Disabled
 NUMA Support: Disabled
 Compressed Oops: Enabled (Zero based)
 Heap Region Size: 4M
 Heap Min Capacity: 8M
 Heap Initial Capacity: 288M
 Heap Max Capacity: 4608M
 Pre-touch: Disabled
 Parallel Workers: 9
 Concurrent Workers: 2
 Concurrent Refinement Workers: 9
 Periodic GC: Disabled
Heap:
 garbage-first heap   total 81920K, used 26867K [0x00000006e0000000, 0x0000000800000000)
  region size 4096K, 4 young (16384K), 2 survivors (8192K)
 Metaspace       used 69667K, committed 70272K, reserved 1114112K
  class space    used 8681K, committed 8960K, reserved 1048576K
GC Heap History (20 events):
Event: 0.522 GC heap before
{Heap before GC invocations=5 (full 0):
 garbage-first heap   total 45056K, used 30609K [0x00000006e0000000, 0x0000000800000000)
  region size 4096K, 6 young (24576K), 1 survivors (4096K)
 Metaspace       used 26449K, committed 26752K, reserved 1114112K
  class space    used 2742K, committed 2880K, reserved 1048576K
}
Event: 0.523 GC heap after
{Heap after GC invocations=6 (full 0):
 garbage-first heap   total 45056K, used 10011K [0x00000006e0000000, 0x0000000800000000)
  region size 4096K, 1 young (4096K), 1 survivors (4096K)
 Metaspace       used 26449K, committed 26752K, reserved 1114112K
  class space    used 2742K, committed 2880K, reserved 1048576K
}
Event: 0.549 GC heap before
{Heap before GC invocations=6 (full 0):
 garbage-first heap   total 45056K, used 30491K [0x00000006e0000000, 0x0000000800000000)
  region size 4096K, 6 young (24576K), 1 survivors (4096K)
 Metaspace       used 28090K, committed 28416K, reserved 1114112K
  class space    used 2975K, committed 3136K, reserved 1048576K
}
Event: 0.550 GC heap after
{Heap after GC invocations=7 (full 0):
 garbage-first heap   total 172032K, used 10569K [0x00000006e0000000, 0x0000000800000000)
  region size 4096K, 1 young (4096K), 1 survivors (4096K)
 Metaspace       used 28090K, committed 28416K, reserved 1114112K
  class space    used 2975K, committed 3136K, reserved 1048576K
}
Event: 0.870 GC heap before
{Heap before GC invocations=7 (full 0):
 garbage-first heap   total 172032K, used 100681K [0x00000006e0000000, 0x0000000800000000)
  region size 4096K, 24 young (98304K), 1 survivors (4096K)
 Metaspace       used 35924K, committed 36288K, reserved 1114112K
  class space    used 3988K, committed 4160K, reserved 1048576K
}
Event: 0.872 GC heap after
{Heap after GC invocations=8 (full 0):
 garbage-first heap   total 172032K, used 14858K [0x00000006e0000000, 0x0000000800000000)
  region size 4096K, 2 young (8192K), 2 survivors (8192K)
 Metaspace       used 35924K, committed 36288K, reserved 1114112K
  class space    used 3988K, committed 4160K, reserved 1048576K
}
Event: 1.021 GC heap before
{Heap before GC invocations=9 (full 0):
 garbage-first heap   total 57344K, used 55818K [0x00000006e0000000, 0x0000000800000000)
  region size 4096K, 12 young (49152K), 2 survivors (8192K)
 Metaspace       used 40565K, committed 41024K, reserved 1114112K
  class space    used 4585K, committed 4800K, reserved 1048576K
}
Event: 1.024 GC heap after
{Heap after GC invocations=10 (full 0):
 garbage-first heap   total 69632K, used 17249K [0x00000006e0000000, 0x0000000800000000)
  region size 4096K, 3 young (12288K), 3 survivors (12288K)
 Metaspace       used 40565K, committed 41024K, reserved 1114112K
  class space    used 4585K, committed 4800K, reserved 1048576K
}
Event: 1.099 GC heap before
{Heap before GC invocations=10 (full 0):
 garbage-first heap   total 69632K, used 41825K [0x00000006e0000000, 0x0000000800000000)
  region size 4096K, 10 young (40960K), 3 survivors (12288K)
 Metaspace       used 43201K, committed 43712K, reserved 1114112K
  class space    used 4944K, committed 5184K, reserved 1048576K
}
Event: 1.101 GC heap after
{Heap after GC invocations=11 (full 0):
 garbage-first heap   total 69632K, used 17890K [0x00000006e0000000, 0x0000000800000000)
  region size 4096K, 1 young (4096K), 1 survivors (4096K)
 Metaspace       used 43201K, committed 43712K, reserved 1114112K
  class space    used 4944K, committed 5184K, reserved 1048576K
}
Event: 1.191 GC heap before
{Heap before GC invocations=11 (full 0):
 garbage-first heap   total 69632K, used 50658K [0x00000006e0000000, 0x0000000800000000)
  region size 4096K, 10 young (40960K), 1 survivors (4096K)
 Metaspace       used 46774K, committed 47296K, reserved 1114112K
  class space    used 5529K, committed 5760K, reserved 1048576K
}
Event: 1.192 GC heap after
{Heap after GC invocations=12 (full 0):
 garbage-first heap   total 69632K, used 18290K [0x00000006e0000000, 0x0000000800000000)
  region size 4096K, 1 young (4096K), 1 survivors (4096K)
 Metaspace       used 46774K, committed 47296K, reserved 1114112K
  class space    used 5529K, committed 5760K, reserved 1048576K
}
Event: 1.301 GC heap before
{Heap before GC invocations=12 (full 0):
 garbage-first heap   total 69632K, used 55154K [0x00000006e0000000, 0x0000000800000000)
  region size 4096K, 10 young (40960K), 1 survivors (4096K)
 Metaspace       used 51652K, committed 52160K, reserved 1114112K
  class space    used 6110K, committed 6336K, reserved 1048576K
}
Event: 1.303 GC heap after
{Heap after GC invocations=13 (full 0):
 garbage-first heap   total 184320K, used 19913K [0x00000006e0000000, 0x0000000800000000)
  region size 4096K, 2 young (8192K), 2 survivors (8192K)
 Metaspace       used 51652K, committed 52160K, reserved 1114112K
  class space    used 6110K, committed 6336K, reserved 1048576K
}
Event: 1.517 GC heap before
{Heap before GC invocations=13 (full 0):
 garbage-first heap   total 184320K, used 77257K [0x00000006e0000000, 0x0000000800000000)
  region size 4096K, 18 young (73728K), 2 survivors (8192K)
 Metaspace       used 60273K, committed 60800K, reserved 1114112K
  class space    used 7199K, committed 7488K, reserved 1048576K
}
Event: 1.518 GC heap after
{Heap after GC invocations=14 (full 0):
 garbage-first heap   total 184320K, used 21176K [0x00000006e0000000, 0x0000000800000000)
  region size 4096K, 2 young (8192K), 2 survivors (8192K)
 Metaspace       used 60273K, committed 60800K, reserved 1114112K
  class space    used 7199K, committed 7488K, reserved 1048576K
}
Event: 1.627 GC heap before
{Heap before GC invocations=15 (full 0):
 garbage-first heap   total 81920K, used 62136K [0x00000006e0000000, 0x0000000800000000)
  region size 4096K, 12 young (49152K), 2 survivors (8192K)
 Metaspace       used 65178K, committed 65792K, reserved 1114112K
  class space    used 8017K, committed 8320K, reserved 1048576K
}
Event: 1.629 GC heap after
{Heap after GC invocations=16 (full 0):
 garbage-first heap   total 81920K, used 22012K [0x00000006e0000000, 0x0000000800000000)
  region size 4096K, 2 young (8192K), 2 survivors (8192K)
 Metaspace       used 65178K, committed 65792K, reserved 1114112K
  class space    used 8017K, committed 8320K, reserved 1048576K
}
Event: 1.731 GC heap before
{Heap before GC invocations=16 (full 0):
 garbage-first heap   total 81920K, used 62972K [0x00000006e0000000, 0x0000000800000000)
  region size 4096K, 12 young (49152K), 2 survivors (8192K)
 Metaspace       used 69227K, committed 69888K, reserved 1114112K
  class space    used 8641K, committed 8960K, reserved 1048576K
}
Event: 1.732 GC heap after
{Heap after GC invocations=17 (full 0):
 garbage-first heap   total 81920K, used 22771K [0x00000006e0000000, 0x0000000800000000)
  region size 4096K, 2 young (8192K), 2 survivors (8192K)
 Metaspace       used 69227K, committed 69888K, reserved 1114112K
  class space    used 8641K, committed 8960K, reserved 1048576K
}

